-------------------------------------------------------------------------------
Test set: com.example.UppercaseStreamAppTest
-------------------------------------------------------------------------------
Tests run: 1, Failures: 1, Errors: 0, Skipped: 0, Time elapsed: 0.116 s <<< FAILURE! -- in com.example.UppercaseStreamAppTest
com.example.UppercaseStreamAppTest.shouldConvertValueToUppercase -- Time elapsed: 0.104 s <<< FAILURE!
org.opentest4j.AssertionFailedError: expected: <HELLO> but was: <hello>
	at org.junit.jupiter.api.AssertionFailureBuilder.build(AssertionFailureBuilder.java:158)
	at org.junit.jupiter.api.AssertionFailureBuilder.buildAndThrow(AssertionFailureBuilder.java:139)
	at org.junit.jupiter.api.AssertEquals.failNotEqual(AssertEquals.java:201)
	at org.junit.jupiter.api.AssertEquals.assertEquals(AssertEquals.java:184)
	at org.junit.jupiter.api.AssertEquals.assertEquals(AssertEquals.java:179)
	at org.junit.jupiter.api.Assertions.assertEquals(Assertions.java:1188)
	at com.example.UppercaseStreamAppTest.shouldConvertValueToUppercase(UppercaseStreamAppTest.java:54)

