<?xml version="1.0" encoding="UTF-8"?>
<testsuite xmlns:xsi="http://www.w3.org/2001/XMLSchema-instance" xsi:noNamespaceSchemaLocation="https://maven.apache.org/surefire/maven-surefire-plugin/xsd/surefire-test-report.xsd" version="3.0.2" name="com.example.UppercaseStreamAppTest" time="0.116" tests="1" errors="0" skipped="0" failures="1">
  <properties>
[...]
</properties>
  <testcase name="shouldConvertValueToUppercase" classname="com.example.UppercaseStreamAppTest" time="0.104">
    <failure message="expected: &lt;HELLO&gt; but was: &lt;hello&gt;" type="org.opentest4j.AssertionFailedError"><![CDATA[org.opentest4j.AssertionFailedError: expected: <HELLO> but was: <hello>
	at org.junit.jupiter.api.AssertionFailureBuilder.build(AssertionFailureBuilder.java:158)
	at org.junit.jupiter.api.AssertionFailureBuilder.buildAndThrow(AssertionFailureBuilder.java:139)
	at org.junit.jupiter.api.AssertEquals.failNotEqual(AssertEquals.java:201)
	at org.junit.jupiter.api.AssertEquals.assertEquals(AssertEquals.java:184)
	at org.junit.jupiter.api.AssertEquals.assertEquals(AssertEquals.java:179)
	at org.junit.jupiter.api.Assertions.assertEquals(Assertions.java:1188)
	at com.example.UppercaseStreamAppTest.shouldConvertValueToUppercase(UppercaseStreamAppTest.java:54)
]]></failure>
    <system-err><![CDATA[[main] INFO org.apache.kafka.streams.processor.internals.StreamTask - stream-thread [main] task [0_0] Initialized
[main] INFO org.apache.kafka.streams.processor.internals.StreamTask - stream-thread [main] task [0_0] Restored and ready to run
[main] INFO org.apache.kafka.streams.processor.internals.StreamTask - stream-thread [main] task [0_0] Suspended from RUNNING
[main] INFO org.apache.kafka.streams.processor.internals.RecordCollectorImpl - topology-test-driver Closing record collector clean
[main] INFO org.apache.kafka.streams.processor.internals.StreamTask - stream-thread [main] task [0_0] Closed clean
]]></system-err>
  </testcase>
</testsuite>